==== General Information ====

Version:		52.0 (Major.Minor) [jdk version 1.8]
Constant pool count:	22
Access flags:		0x0021 [super, public]
This class:		cp index #4 <Catch>
Super class:		cp index #5 <java/lang/Object>
Interfaces count:	0
Fields count:		0
Methods count:		2
Attributes count:	1

==== Constant Pool ====

[1]: CONSTANT_Methodref (tag = 10)
	Class name: #5 <java/lang/Object>
	Name and type: #16 <java/lang/Object : ()V>

[2]: CONSTANT_Class (tag = 7)
	Class name: #17 <java/lang/Exception>

[3]: CONSTANT_Methodref (tag = 10)
	Class name: #2 <java/lang/Exception>
	Name and type: #18 <java/lang/Exception : ()V>

[4]: CONSTANT_Class (tag = 7)
	Class name: #19 <Catch>

[5]: CONSTANT_Class (tag = 7)
	Class name: #20 <java/lang/Object>

[6]: CONSTANT_Utf8 (tag = 1)
	Length of byte array: 6
	Length of string: 6
	String: <init>

[7]: CONSTANT_Utf8 (tag = 1)
	Length of byte array: 3
	Length of string: 3
	String: ()V

[8]: CONSTANT_Utf8 (tag = 1)
	Length of byte array: 4
	Length of string: 4
	String: Code

[9]: CONSTANT_Utf8 (tag = 1)
	Length of byte array: 15
	Length of string: 15
	String: LineNumberTable

[10]: CONSTANT_Utf8 (tag = 1)
	Length of byte array: 4
	Length of string: 4
	String: main

[11]: CONSTANT_Utf8 (tag = 1)
	Length of byte array: 22
	Length of string: 22
	String: ([Ljava/lang/String;)V

[12]: CONSTANT_Utf8 (tag = 1)
	Length of byte array: 13
	Length of string: 13
	String: StackMapTable

[13]: CONSTANT_Class (tag = 7)
	Class name: #17 <java/lang/Exception>

[14]: CONSTANT_Utf8 (tag = 1)
	Length of byte array: 10
	Length of string: 10
	String: SourceFile

[15]: CONSTANT_Utf8 (tag = 1)
	Length of byte array: 10
	Length of string: 10
	String: Catch.java

[16]: CONSTANT_NameAndType (tag = 12)
	Name: #6 <<init>>
	Descriptor: #7 <()V>

[17]: CONSTANT_Utf8 (tag = 1)
	Length of byte array: 19
	Length of string: 19
	String: java/lang/Exception

[18]: CONSTANT_NameAndType (tag = 12)
	Name: #21 <printStackTrace>
	Descriptor: #7 <()V>

[19]: CONSTANT_Utf8 (tag = 1)
	Length of byte array: 5
	Length of string: 5
	String: Catch

[20]: CONSTANT_Utf8 (tag = 1)
	Length of byte array: 16
	Length of string: 16
	String: java/lang/Object

[21]: CONSTANT_Utf8 (tag = 1)
	Length of byte array: 15
	Length of string: 15
	String: printStackTrace

==== Methods ====

Method #1:

	name_index:        #6 <<init>>
	descriptor_index:  #7 <()V>
	access_flags:      0x0001 [public]
	attribute_count:   1

	Method Attribute #1 - Code:

max_stack: 1, max_locals: 1, code_length: 5
exception_table_length: 0, attribute_count: 1

Bytecode:
Offset	Mnemonic	Parameters
0	aload_0
1	invokespecial	#1 <Method java/lang/Object.<init>, descriptor: ()V>
4	return

Code Attribute #1 - LineNumberTable:

line_number_table_length: 1

Table:	index	line_number	start_pc
	1	1		0


Method #2:

	name_index:        #10 <main>
	descriptor_index:  #11 <([Ljava/lang/String;)V>
	access_flags:      0x0009 [public, static]
	attribute_count:   1

	Method Attribute #1 - Code:

max_stack: 2, max_locals: 3, code_length: 15
exception_table_length: 1, attribute_count: 2

Bytecode:
Offset	Mnemonic	Parameters
0	iconst_0
1	istore_1
2	iconst_3
3	iload_1
4	idiv
5	istore_2
6	goto		14 (+8)
9	astore_1
10	aload_1
11	invokevirtual	#3 <Method java/lang/Exception.printStackTrace, descriptor: ()V>
14	return

Exception table:
Index	start_pc	end_pc	handler_pc	catch_type
1	0		6	9		2 <java/lang/Exception>

Code Attribute #1 - LineNumberTable:

line_number_table_length: 6

Table:	index	line_number	start_pc
	1	5		0
	2	6		2
	3	9		6
	4	7		9
	5	8		10
	6	10		14

Code Attribute #2 - StackMapTable:
Attribute not implemented and ignored.


==== Class Attributes ====

	Attribute #1 - SourceFile:

sourcefile_index: #15 <Catch.java>
