==== Main Info ====

Version:		46.0 (Major.Minor) [jdk version 1.2]
Constant pool count:	27
Access flags:		0x0020 [super]
This class:		cp index #4 <Harmonica>
Super class:		cp index #5 <java/lang/Object>
Interfaces count:	0
Fields count:		0
Methods count:		2
Attributes count:	1

==== Constant Pool ====

[1]: CONST_Methodref (tag = 10)
	Class name: #5 <java/lang/Object>
	Name and type: #14 <java/lang/Object : ()V>

[2]: CONST_Fieldref (tag = 9)
	Class name: #15 <java/lang/System>
	Name and type: #16 <java/lang/System : Ljava/io/PrintStream;>

[3]: CONST_Methodref (tag = 10)
	Class name: #17 <java/io/PrintStream>
	Name and type: #18 <java/io/PrintStream : (F)V>

[4]: CONST_Class (tag = 7)
	Class name: #19 <Harmonica>

[5]: CONST_Class (tag = 7)
	Class name: #20 <java/lang/Object>

[6]: CONST_Utf8 (tag = 1)
	Length of byte array: 6
	Length of string: 6
	String: <init>

[7]: CONST_Utf8 (tag = 1)
	Length of byte array: 3
	Length of string: 3
	String: ()V

[8]: CONST_Utf8 (tag = 1)
	Length of byte array: 4
	Length of string: 4
	String: Code

[9]: CONST_Utf8 (tag = 1)
	Length of byte array: 15
	Length of string: 15
	String: LineNumberTable

[10]: CONST_Utf8 (tag = 1)
	Length of byte array: 4
	Length of string: 4
	String: main

[11]: CONST_Utf8 (tag = 1)
	Length of byte array: 22
	Length of string: 22
	String: ([Ljava/lang/String;)V

[12]: CONST_Utf8 (tag = 1)
	Length of byte array: 10
	Length of string: 10
	String: SourceFile

[13]: CONST_Utf8 (tag = 1)
	Length of byte array: 14
	Length of string: 14
	String: Harmonica.java

[14]: CONST_NameAndType (tag = 12)
	Name: #6 <<init>>
	Descriptor: #7 <()V>

[15]: CONST_Class (tag = 7)
	Class name: #21 <java/lang/System>

[16]: CONST_NameAndType (tag = 12)
	Name: #22 <out>
	Descriptor: #23 <Ljava/io/PrintStream;>

[17]: CONST_Class (tag = 7)
	Class name: #24 <java/io/PrintStream>

[18]: CONST_NameAndType (tag = 12)
	Name: #25 <println>
	Descriptor: #26 <(F)V>

[19]: CONST_Utf8 (tag = 1)
	Length of byte array: 9
	Length of string: 9
	String: Harmonica

[20]: CONST_Utf8 (tag = 1)
	Length of byte array: 16
	Length of string: 16
	String: java/lang/Object

[21]: CONST_Utf8 (tag = 1)
	Length of byte array: 16
	Length of string: 16
	String: java/lang/System

[22]: CONST_Utf8 (tag = 1)
	Length of byte array: 3
	Length of string: 3
	String: out

[23]: CONST_Utf8 (tag = 1)
	Length of byte array: 21
	Length of string: 21
	String: Ljava/io/PrintStream;

[24]: CONST_Utf8 (tag = 1)
	Length of byte array: 19
	Length of string: 19
	String: java/io/PrintStream

[25]: CONST_Utf8 (tag = 1)
	Length of byte array: 7
	Length of string: 7
	String: println

[26]: CONST_Utf8 (tag = 1)
	Length of byte array: 4
	Length of string: 4
	String: (F)V

==== Methods ====

Method #1:

	name_index:        #6 <<init>>
	descriptor_index:  #7 <()V>
	access_flags:      0x0000 [no flags]
	attribute_count:   1

	Method Attribute #1 - Code:

max_stack: 1, max_locals: 1, code_length: 5
exception_table_length: 0, attribute_count: 1

Bytecode:
Offset	Mnemonic	Parameters
0	aload_0
1	invokespecial	#1 <Method java/lang/Object.<init>, descriptor: ()V>
4	return

Code Attribute #1 - LineNumberTable:

line_number_table_length: 1

Table:	index	line_number	start_pc
	1	1		0


Method #2:

	name_index:        #10 <main>
	descriptor_index:  #11 <([Ljava/lang/String;)V>
	access_flags:      0x0009 [public, static]
	attribute_count:   1

	Method Attribute #1 - Code:

max_stack: 3, max_locals: 3, code_length: 30
exception_table_length: 0, attribute_count: 1

Bytecode:
Offset	Mnemonic	Parameters
0	bipush		20
2	istore_1
3	fconst_0
4	fstore_2
5	iload_1
6	ifle		22 (+16)
9	fload_2
10	fconst_1
11	iload_1
12	i2f
13	fdiv
14	fadd
15	fstore_2
16	iinc		1, -1
19	goto		5 (+-14)
22	getstatic	#2 <Field java/lang/System.out, descriptor: Ljava/io/PrintStream;>
25	fload_2
26	invokevirtual	#3 <Method java/io/PrintStream.println, descriptor: (F)V>
29	return

Code Attribute #1 - LineNumberTable:

line_number_table_length: 7

Table:	index	line_number	start_pc
	1	5		0
	2	7		3
	3	9		5
	4	11		9
	5	13		16
	6	17		22
	7	19		29


==== Class Attributes ====

	Attribute #1 - SourceFile:

sourcefile_index: #13 <Harmonica.java>
