---- General Information ----

Version:		52.0 (Major.Minor) [jdk version 1.8]
Constant pool count:	119
Access flags:		0x0021 [super, public]
This class:		cp index #43 <examples/LongCode>
Super class:		cp index #44 <java/lang/Object>
Interfaces count:	2
Fields count:		4
Methods count:		0
Attributes count:	0

==== Constant Pool ====

[1]: CONSTANT_Methodref (tag = 10)
	Class name: #44 <java/lang/Object>
	Name and type: #82 <java/lang/Object : ()V>

[2]: CONSTANT_Class (tag = 7)
	Class name: #83 <[[I>

[3]: CONSTANT_Class (tag = 7)
	Class name: #52 <[I>

[4]: CONSTANT_Fieldref (tag = 9)
	Class name: #43 <examples/LongCode>
	Name and type: #84 <examples/LongCode : [[[I>

[5]: CONSTANT_Class (tag = 7)
	Class name: #85 <[D>

[6]: CONSTANT_Double (tag = 6)
	High bytes:   0x405EDD2F
	Low  bytes:   0x1A9FBE77
	Double: 1.234560e+02

[8]: CONSTANT_Double (tag = 6)
	High bytes:   0xC0847291
	Low  bytes:   0x6872B021
	Double: -6.543210e+02

[10]: CONSTANT_Double (tag = 6)
	High bytes:   0x41CD6F34
	Low  bytes:   0x588FCD6F
	Double: 9.876543e+08

[12]: CONSTANT_Class (tag = 7)
	Class name: #86 <java/lang/Double>

[13]: CONSTANT_Double (tag = 6)
	High bytes:   0x7FEFFFFF
	Low  bytes:   0xFFFFFFFF
	Double: 1.797693e+308

[15]: CONSTANT_Double (tag = 6)
	High bytes:   0x00000000
	Low  bytes:   0x00000001
	Double: 4.940656e-324

[17]: CONSTANT_Double (tag = 6)
	High bytes:   0x00100000
	Low  bytes:   0x00000000
	Double: 2.225074e-308

[19]: CONSTANT_Double (tag = 6)
	High bytes:   0x7FF80000
	Low  bytes:   0x00000000
	Double: nan

[21]: CONSTANT_Double (tag = 6)
	High bytes:   0x7FF00000
	Low  bytes:   0x00000000
	Double: inf

[23]: CONSTANT_Double (tag = 6)
	High bytes:   0xFFF00000
	Low  bytes:   0x00000000
	Double: -inf

[25]: CONSTANT_Fieldref (tag = 9)
	Class name: #43 <examples/LongCode>
	Name and type: #87 <examples/LongCode : [[D>

[26]: CONSTANT_Class (tag = 7)
	Class name: #88 <examples/LongCode$NestedClass>

[27]: CONSTANT_Methodref (tag = 10)
	Class name: #26 <examples/LongCode$NestedClass>
	Name and type: #89 <examples/LongCode$NestedClass : (Lexamples/LongCode;)V>

[28]: CONSTANT_InterfaceMethodref (tag = 11)
	Class name: #49 <examples/LongCode$Test>
	Name and type: #90 <examples/LongCode$Test : ([I)I>

[29]: CONSTANT_Fieldref (tag = 9)
	Class name: #43 <examples/LongCode>
	Name and type: #91 <examples/LongCode : J>

[30]: CONSTANT_Float (tag = 4)
	Bytes: 0x41A00000
	Float: 2.000000e+01

[31]: CONSTANT_Class (tag = 7)
	Class name: #92 <java/lang/Error>

[32]: CONSTANT_Methodref (tag = 10)
	Class name: #31 <java/lang/Error>
	Name and type: #82 <java/lang/Error : ()V>

[33]: CONSTANT_String (tag = 8)
	String: #93 ola

[34]: CONSTANT_Class (tag = 7)
	Class name: #94 <java/lang/String>

[35]: CONSTANT_Fieldref (tag = 9)
	Class name: #95 <java/lang/System>
	Name and type: #96 <java/lang/System : Ljava/io/PrintStream;>

[36]: CONSTANT_Methodref (tag = 10)
	Class name: #97 <java/io/PrintStream>
	Name and type: #98 <java/io/PrintStream : (Ljava/lang/String;)V>

[37]: CONSTANT_Class (tag = 7)
	Class name: #99 <[[Ljava/lang/String;>

[38]: CONSTANT_Class (tag = 7)
	Class name: #100 <java/lang/ArithmeticException>

[39]: CONSTANT_Methodref (tag = 10)
	Class name: #97 <java/io/PrintStream>
	Name and type: #101 <java/io/PrintStream : (Ljava/lang/Object;)V>

[40]: CONSTANT_Fieldref (tag = 9)
	Class name: #43 <examples/LongCode>
	Name and type: #102 <examples/LongCode : [I>

[41]: CONSTANT_Long (tag = 5)
	High bytes: 0x015EE2A3
	Low  bytes: 0x21CE7D15
	Long: 98765432123456789

[43]: CONSTANT_Class (tag = 7)
	Class name: #103 <examples/LongCode>

[44]: CONSTANT_Class (tag = 7)
	Class name: #104 <java/lang/Object>

[45]: CONSTANT_Class (tag = 7)
	Class name: #105 <java/util/EventListener>

[46]: CONSTANT_Class (tag = 7)
	Class name: #106 <java/util/RandomAccess>

[47]: CONSTANT_Utf8 (tag = 1)
	Length of byte array: 11
	Length of string: 11
	String: NestedClass

[48]: CONSTANT_Utf8 (tag = 1)
	Length of byte array: 12
	Length of string: 12
	String: InnerClasses

[49]: CONSTANT_Class (tag = 7)
	Class name: #107 <examples/LongCode$Test>

[50]: CONSTANT_Utf8 (tag = 1)
	Length of byte array: 4
	Length of string: 4
	String: Test

[51]: CONSTANT_Utf8 (tag = 1)
	Length of byte array: 12
	Length of string: 12
	String: array_member

[52]: CONSTANT_Utf8 (tag = 1)
	Length of byte array: 2
	Length of string: 2
	String: [I

[53]: CONSTANT_Utf8 (tag = 1)
	Length of byte array: 17
	Length of string: 17
	String: deprecated_member

[54]: CONSTANT_Utf8 (tag = 1)
	Length of byte array: 1
	Length of string: 1
	String: F

[55]: CONSTANT_Utf8 (tag = 1)
	Length of byte array: 10
	Length of string: 10
	String: Deprecated

[56]: CONSTANT_Utf8 (tag = 1)
	Length of byte array: 25
	Length of string: 25
	String: RuntimeVisibleAnnotations

[57]: CONSTANT_Utf8 (tag = 1)
	Length of byte array: 22
	Length of string: 22
	String: Ljava/lang/Deprecated;

[58]: CONSTANT_Utf8 (tag = 1)
	Length of byte array: 18
	Length of string: 18
	String: static_long_member

[59]: CONSTANT_Utf8 (tag = 1)
	Length of byte array: 1
	Length of string: 1
	String: J

[60]: CONSTANT_Utf8 (tag = 1)
	Length of byte array: 12
	Length of string: 6
	String: ??????
	UTF-8 Characters: πφμβƒé

[61]: CONSTANT_Utf8 (tag = 1)
	Length of byte array: 18
	Length of string: 18
	String: Ljava/lang/String;

[62]: CONSTANT_Utf8 (tag = 1)
	Length of byte array: 8
	Length of string: 8
	String: matrix3d

[63]: CONSTANT_Utf8 (tag = 1)
	Length of byte array: 4
	Length of string: 4
	String: [[[I

[64]: CONSTANT_Utf8 (tag = 1)
	Length of byte array: 8
	Length of string: 8
	String: matrix2d

[65]: CONSTANT_Utf8 (tag = 1)
	Length of byte array: 3
	Length of string: 3
	String: [[D

[66]: CONSTANT_Utf8 (tag = 1)
	Length of byte array: 6
	Length of string: 6
	String: <init>

[67]: CONSTANT_Utf8 (tag = 1)
	Length of byte array: 3
	Length of string: 3
	String: ()V

[68]: CONSTANT_Utf8 (tag = 1)
	Length of byte array: 4
	Length of string: 4
	String: Code

[69]: CONSTANT_Utf8 (tag = 1)
	Length of byte array: 15
	Length of string: 15
	String: LineNumberTable

[70]: CONSTANT_Utf8 (tag = 1)
	Length of byte array: 8
	Length of string: 8
	String: mymethod

[71]: CONSTANT_Utf8 (tag = 1)
	Length of byte array: 5
	Length of string: 5
	String: (IJ)V

[72]: CONSTANT_Utf8 (tag = 1)
	Length of byte array: 5
	Length of string: 5
	String: arith

[73]: CONSTANT_Utf8 (tag = 1)
	Length of byte array: 6
	Length of string: 6
	String: (IFB)J

[74]: CONSTANT_Utf8 (tag = 1)
	Length of byte array: 13
	Length of string: 13
	String: StackMapTable

[75]: CONSTANT_Utf8 (tag = 1)
	Length of byte array: 10
	Length of string: 10
	String: Exceptions

[76]: CONSTANT_Utf8 (tag = 1)
	Length of byte array: 4
	Length of string: 4
	String: main

[77]: CONSTANT_Utf8 (tag = 1)
	Length of byte array: 22
	Length of string: 22
	String: ([Ljava/lang/String;)V

[78]: CONSTANT_Class (tag = 7)
	Class name: #108 <[Ljava/lang/String;>

[79]: CONSTANT_Utf8 (tag = 1)
	Length of byte array: 8
	Length of string: 8
	String: <clinit>

[80]: CONSTANT_Utf8 (tag = 1)
	Length of byte array: 10
	Length of string: 10
	String: SourceFile

[81]: CONSTANT_Utf8 (tag = 1)
	Length of byte array: 13
	Length of string: 13
	String: LongCode.java

[82]: CONSTANT_NameAndType (tag = 12)
	Name: #66 <<init>>
	Descriptor: #67 <()V>

[83]: CONSTANT_Utf8 (tag = 1)
	Length of byte array: 3
	Length of string: 3
	String: [[I

[84]: CONSTANT_NameAndType (tag = 12)
	Name: #62 <matrix3d>
	Descriptor: #63 <[[[I>

[85]: CONSTANT_Utf8 (tag = 1)
	Length of byte array: 2
	Length of string: 2
	String: [D

[86]: CONSTANT_Utf8 (tag = 1)
	Length of byte array: 16
	Length of string: 16
	String: java/lang/Double

[87]: CONSTANT_NameAndType (tag = 12)
	Name: #64 <matrix2d>
	Descriptor: #65 <[[D>

[88]: CONSTANT_Utf8 (tag = 1)
	Length of byte array: 29
	Length of string: 29
	String: examples/LongCode$NestedClass

[89]: CONSTANT_NameAndType (tag = 12)
	Name: #66 <<init>>
	Descriptor: #109 <(Lexamples/LongCode;)V>

[90]: CONSTANT_NameAndType (tag = 12)
	Name: #110 <method1>
	Descriptor: #111 <([I)I>

[91]: CONSTANT_NameAndType (tag = 12)
	Name: #58 <static_long_member>
	Descriptor: #59 <J>

[92]: CONSTANT_Utf8 (tag = 1)
	Length of byte array: 15
	Length of string: 15
	String: java/lang/Error

[93]: CONSTANT_Utf8 (tag = 1)
	Length of byte array: 3
	Length of string: 3
	String: ola

[94]: CONSTANT_Utf8 (tag = 1)
	Length of byte array: 16
	Length of string: 16
	String: java/lang/String

[95]: CONSTANT_Class (tag = 7)
	Class name: #112 <java/lang/System>

[96]: CONSTANT_NameAndType (tag = 12)
	Name: #113 <out>
	Descriptor: #114 <Ljava/io/PrintStream;>

[97]: CONSTANT_Class (tag = 7)
	Class name: #115 <java/io/PrintStream>

[98]: CONSTANT_NameAndType (tag = 12)
	Name: #116 <println>
	Descriptor: #117 <(Ljava/lang/String;)V>

[99]: CONSTANT_Utf8 (tag = 1)
	Length of byte array: 20
	Length of string: 20
	String: [[Ljava/lang/String;

[100]: CONSTANT_Utf8 (tag = 1)
	Length of byte array: 29
	Length of string: 29
	String: java/lang/ArithmeticException

[101]: CONSTANT_NameAndType (tag = 12)
	Name: #116 <println>
	Descriptor: #118 <(Ljava/lang/Object;)V>

[102]: CONSTANT_NameAndType (tag = 12)
	Name: #51 <array_member>
	Descriptor: #52 <[I>

[103]: CONSTANT_Utf8 (tag = 1)
	Length of byte array: 17
	Length of string: 17
	String: examples/LongCode

[104]: CONSTANT_Utf8 (tag = 1)
	Length of byte array: 16
	Length of string: 16
	String: java/lang/Object

[105]: CONSTANT_Utf8 (tag = 1)
	Length of byte array: 23
	Length of string: 23
	String: java/util/EventListener

[106]: CONSTANT_Utf8 (tag = 1)
	Length of byte array: 22
	Length of string: 22
	String: java/util/RandomAccess

[107]: CONSTANT_Utf8 (tag = 1)
	Length of byte array: 22
	Length of string: 22
	String: examples/LongCode$Test

[108]: CONSTANT_Utf8 (tag = 1)
	Length of byte array: 19
	Length of string: 19
	String: [Ljava/lang/String;

[109]: CONSTANT_Utf8 (tag = 1)
	Length of byte array: 22
	Length of string: 22
	String: (Lexamples/LongCode;)V

[110]: CONSTANT_Utf8 (tag = 1)
	Length of byte array: 7
	Length of string: 7
	String: method1

[111]: CONSTANT_Utf8 (tag = 1)
	Length of byte array: 5
	Length of string: 5
	String: ([I)I

[112]: CONSTANT_Utf8 (tag = 1)
	Length of byte array: 16
	Length of string: 16
	String: java/lang/System

[113]: CONSTANT_Utf8 (tag = 1)
	Length of byte array: 3
	Length of string: 3
	String: out

[114]: CONSTANT_Utf8 (tag = 1)
	Length of byte array: 21
	Length of string: 21
	String: Ljava/io/PrintStream;

[115]: CONSTANT_Utf8 (tag = 1)
	Length of byte array: 19
	Length of string: 19
	String: java/io/PrintStream

[116]: CONSTANT_Utf8 (tag = 1)
	Length of byte array: 7
	Length of string: 7
	String: println

[117]: CONSTANT_Utf8 (tag = 1)
	Length of byte array: 21
	Length of string: 21
	String: (Ljava/lang/String;)V

[118]: CONSTANT_Utf8 (tag = 1)
	Length of byte array: 21
	Length of string: 21
	String: (Ljava/lang/Object;)V

---- Interfaces implemented by the class ----

	Interface #1: #45 <java/util/EventListener>
	Interface #2: #46 <java/util/RandomAccess>

---- Fields ----

	Field #1:

		name_index:       #51 <array_member>
		descriptor_index: #52 <[I>
		access_flags:     0x001A [private, static, final]
		attributes_count: 0


	Field #2:

		name_index:       #53 <deprecated_member>
		descriptor_index: #54 <F>
		access_flags:     0x0001 [public]
		attributes_count: 2

		Field Attribute #1 - Deprecated:
Attribute not implemented and ignored.

		Field Attribute #2 - RuntimeVisibleAnnotations:
Attribute not implemented and ignored.


	Field #3:

		name_index:       #58 <static_long_member>
		descriptor_index: #59 <J>
		access_flags:     0x0009 [public, static]
		attributes_count: 0


	Field #4:

		name_index:       #60 <??????>
		descriptor_index: #61 <Ljava/lang/String;>
		access_flags:     0x0002 [private]
		attributes_count: 0

